TN:
SF:app.js
FN:16,(anonymous_0)
FN:30,(anonymous_1)
FN:35,(anonymous_2)
FNF:3
FNH:3
FNDA:246,(anonymous_0)
FNDA:211,(anonymous_1)
FNDA:7,(anonymous_2)
DA:1,13
DA:2,13
DA:3,13
DA:4,13
DA:7,13
DA:9,13
DA:10,13
DA:13,13
DA:16,13
DA:17,246
DA:18,2
DA:20,244
DA:24,13
DA:27,13
DA:30,13
DA:31,211
DA:34,211
DA:35,6
DA:36,7
DA:38,6
DA:45,205
DA:46,2
DA:47,2
DA:49,2
DA:50,2
DA:53,2
DA:59,203
DA:60,26
DA:66,177
DA:67,0
DA:73,177
DA:74,106
DA:79,71
DA:80,0
DA:86,71
DA:87,50
DA:93,21
DA:94,0
DA:99,21
DA:100,0
DA:106,21
DA:115,13
LF:42
LH:38
BRDA:10,0,0,13
BRDA:10,0,1,0
BRDA:17,1,0,2
BRDA:17,1,1,244
BRDA:34,2,0,6
BRDA:34,2,1,205
BRDA:45,3,0,2
BRDA:45,3,1,203
BRDA:46,4,0,2
BRDA:46,4,1,0
BRDA:49,5,0,2
BRDA:49,5,1,0
BRDA:59,6,0,26
BRDA:59,6,1,177
BRDA:66,7,0,0
BRDA:66,7,1,177
BRDA:73,8,0,106
BRDA:73,8,1,71
BRDA:79,9,0,0
BRDA:79,9,1,71
BRDA:86,10,0,50
BRDA:86,10,1,21
BRDA:88,11,0,50
BRDA:88,11,1,0
BRDA:93,12,0,0
BRDA:93,12,1,21
BRDA:99,13,0,0
BRDA:99,13,1,21
BRDA:107,14,0,21
BRDA:107,14,1,0
BRF:30
BRH:21
end_of_record
TN:
SF:config\stripe.js
FNF:0
FNH:0
DA:1,13
DA:3,13
LF:2
LH:2
BRF:0
BRH:0
end_of_record
TN:
SF:controllers\aiController.js
FN:14,(anonymous_0)
FN:69,(anonymous_1)
FN:78,(anonymous_2)
FN:96,(anonymous_3)
FN:102,(anonymous_4)
FN:116,(anonymous_5)
FNF:6
FNH:6
FNDA:10,(anonymous_0)
FNDA:7,(anonymous_1)
FNDA:7,(anonymous_2)
FNDA:1,(anonymous_3)
FNDA:1,(anonymous_4)
FNDA:11,(anonymous_5)
DA:1,13
DA:2,13
DA:3,13
DA:4,13
DA:5,13
DA:6,13
DA:7,13
DA:8,13
DA:15,10
DA:16,10
DA:19,10
DA:20,3
DA:25,7
DA:28,7
DA:33,7
DA:34,5
DA:38,7
DA:39,1
DA:43,1
DA:44,1
DA:49,7
DA:50,1
DA:54,7
DA:61,7
DA:62,1
DA:69,7
DA:76,6
DA:78,7
DA:84,6
DA:85,6
DA:88,6
DA:90,5
DA:91,5
DA:92,4
DA:94,1
DA:96,1
DA:97,1
DA:101,5
DA:102,1
DA:103,1
DA:106,5
DA:114,5
DA:116,11
DA:124,1
DA:125,1
DA:130,13
LF:46
LH:46
BRDA:19,0,0,3
BRDA:19,0,1,7
BRDA:19,1,0,10
BRDA:19,1,1,8
BRDA:19,1,2,7
BRDA:33,2,0,5
BRDA:33,2,1,2
BRDA:33,3,0,7
BRDA:33,3,1,7
BRDA:38,4,0,1
BRDA:38,4,1,6
BRDA:38,5,0,7
BRDA:38,5,1,7
BRDA:43,6,0,1
BRDA:43,6,1,0
BRDA:49,7,0,1
BRDA:49,7,1,6
BRDA:49,8,0,7
BRDA:49,8,1,7
BRDA:61,9,0,1
BRDA:61,9,1,6
BRDA:101,10,0,1
BRDA:101,10,1,4
BRDA:101,11,0,5
BRDA:101,11,1,5
BRDA:120,12,0,11
BRDA:120,12,1,0
BRDA:120,13,0,11
BRDA:120,13,1,0
BRDA:120,14,0,0
BRDA:120,14,1,11
BRF:31
BRH:27
end_of_record
TN:
SF:controllers\carController.js
FN:13,(anonymous_0)
FN:28,(anonymous_1)
FN:49,(anonymous_2)
FN:72,(anonymous_3)
FN:100,(anonymous_4)
FN:116,(anonymous_5)
FNF:6
FNH:2
FNDA:16,(anonymous_0)
FNDA:8,(anonymous_1)
FNDA:0,(anonymous_2)
FNDA:0,(anonymous_3)
FNDA:0,(anonymous_4)
FNDA:0,(anonymous_5)
DA:2,13
DA:3,13
DA:4,13
DA:5,13
DA:14,16
DA:15,16
DA:22,11
DA:24,5
DA:29,8
DA:30,8
DA:32,8
DA:39,0
DA:40,0
DA:43,0
DA:45,8
DA:50,0
DA:51,0
DA:53,0
DA:66,0
DA:68,0
DA:73,0
DA:74,0
DA:75,0
DA:77,0
DA:78,0
DA:79,0
DA:82,0
DA:94,0
DA:96,0
DA:101,0
DA:102,0
DA:104,0
DA:105,0
DA:106,0
DA:109,0
DA:111,0
DA:113,0
DA:117,0
DA:118,0
DA:128,0
DA:129,0
DA:130,0
DA:131,0
DA:134,0
DA:135,0
DA:137,0
DA:142,0
DA:143,0
DA:144,0
DA:147,0
DA:148,0
DA:150,0
DA:156,0
DA:157,0
DA:159,0
DA:164,13
LF:56
LH:13
BRDA:39,0,0,0
BRDA:39,0,1,0
BRDA:78,1,0,0
BRDA:78,1,1,0
BRDA:105,2,0,0
BRDA:105,2,1,0
BRDA:121,3,0,0
BRDA:121,3,1,0
BRDA:129,4,0,0
BRDA:129,4,1,0
BRDA:143,5,0,0
BRDA:143,5,1,0
BRDA:156,6,0,0
BRDA:156,6,1,0
BRDA:156,7,0,0
BRDA:156,7,1,0
BRF:16
BRH:0
end_of_record
TN:
SF:controllers\categoryController.js
FN:4,(anonymous_0)
FN:13,(anonymous_1)
FN:28,(anonymous_2)
FN:40,(anonymous_3)
FN:58,(anonymous_4)
FNF:5
FNH:2
FNDA:9,(anonymous_0)
FNDA:13,(anonymous_1)
FNDA:0,(anonymous_2)
FNDA:0,(anonymous_3)
FNDA:0,(anonymous_4)
DA:1,13
DA:5,9
DA:6,9
DA:7,2
DA:9,7
DA:14,13
DA:15,13
DA:17,13
DA:18,10
DA:19,10
DA:22,0
DA:24,13
DA:29,0
DA:30,0
DA:32,0
DA:34,0
DA:36,0
DA:41,0
DA:42,0
DA:43,0
DA:45,0
DA:46,0
DA:47,0
DA:50,0
DA:52,0
DA:54,0
DA:59,0
DA:60,0
DA:62,0
DA:63,0
DA:64,0
DA:67,0
DA:69,0
DA:71,0
DA:76,13
LF:35
LH:12
BRDA:18,0,0,10
BRDA:18,0,1,0
BRDA:46,1,0,0
BRDA:46,1,1,0
BRDA:63,2,0,0
BRDA:63,2,1,0
BRF:6
BRH:1
end_of_record
TN:
SF:controllers\paymentController.js
FN:6,(anonymous_0)
FN:80,(anonymous_1)
FN:112,(anonymous_2)
FNF:3
FNH:1
FNDA:1,(anonymous_0)
FNDA:0,(anonymous_1)
FNDA:0,(anonymous_2)
DA:1,13
DA:2,13
DA:3,13
DA:7,1
DA:8,1
DA:9,1
DA:10,1
DA:11,1
DA:12,1
DA:15,1
DA:19,1
DA:20,1
DA:24,0
DA:25,0
DA:27,0
DA:28,0
DA:37,0
DA:39,0
DA:46,0
DA:74,0
DA:76,1
DA:81,0
DA:82,0
DA:85,0
DA:87,0
DA:90,0
DA:91,0
DA:98,0
DA:108,0
DA:113,0
DA:116,0
DA:118,0
DA:125,0
DA:126,0
DA:129,0
DA:132,0
DA:134,0
DA:135,0
DA:140,13
LF:39
LH:14
BRDA:19,0,0,1
BRDA:19,0,1,0
BRDA:27,1,0,0
BRDA:27,1,1,0
BRDA:37,2,0,0
BRDA:37,2,1,0
BRDA:55,3,0,0
BRDA:55,3,1,0
BRDA:55,3,2,0
BRDA:125,4,0,0
BRDA:125,4,1,0
BRF:11
BRH:1
end_of_record
TN:
SF:controllers\userController.js
FN:9,(anonymous_0)
FN:74,(anonymous_1)
FN:95,(anonymous_2)
FNF:3
FNH:3
FNDA:4,(anonymous_0)
FNDA:15,(anonymous_1)
FNDA:13,(anonymous_2)
DA:1,13
DA:2,13
DA:3,13
DA:4,13
DA:5,13
DA:6,13
DA:10,4
DA:11,4
DA:12,4
DA:13,4
DA:16,4
DA:18,4
DA:19,2
DA:23,2
DA:27,0
DA:30,0
DA:31,0
DA:35,0
DA:36,0
DA:38,0
DA:47,0
DA:53,0
DA:63,2
DA:65,2
DA:66,0
DA:68,2
DA:69,0
DA:71,2
DA:75,15
DA:76,15
DA:78,15
DA:84,5
DA:91,10
DA:96,13
DA:97,13
DA:100,13
DA:101,4
DA:105,9
DA:106,5
DA:107,5
DA:111,0
DA:112,0
DA:113,0
DA:117,0
DA:124,0
DA:136,13
DA:141,13
LF:47
LH:32
BRDA:16,0,0,4
BRDA:16,0,1,4
BRDA:18,1,0,2
BRDA:18,1,1,2
BRDA:30,2,0,0
BRDA:30,2,1,0
BRDA:30,3,0,0
BRDA:30,3,1,0
BRDA:36,4,0,0
BRDA:36,4,1,0
BRDA:39,5,0,0
BRDA:39,5,1,0
BRDA:65,6,0,0
BRDA:65,6,1,2
BRDA:65,7,0,2
BRDA:65,7,1,2
BRDA:68,8,0,0
BRDA:68,8,1,2
BRDA:68,9,0,2
BRDA:68,9,1,2
BRDA:100,10,0,4
BRDA:100,10,1,9
BRDA:100,11,0,13
BRDA:100,11,1,11
BRDA:106,12,0,5
BRDA:106,12,1,0
BRDA:112,13,0,0
BRDA:112,13,1,0
BRF:28
BRH:15
end_of_record
TN:
SF:controllers\wishlistController.js
FN:4,(anonymous_0)
FN:25,(anonymous_1)
FN:76,(anonymous_2)
FN:99,(anonymous_3)
FNF:4
FNH:4
FNDA:3,(anonymous_0)
FNDA:5,(anonymous_1)
FNDA:3,(anonymous_2)
FNDA:4,(anonymous_3)
DA:1,13
DA:5,3
DA:6,3
DA:9,3
DA:13,2
DA:14,1
DA:18,1
DA:19,1
DA:21,2
DA:26,5
DA:27,5
DA:28,5
DA:31,5
DA:32,4
DA:33,2
DA:37,2
DA:41,2
DA:42,1
DA:46,1
DA:52,1
DA:57,1
DA:72,4
DA:77,3
DA:78,3
DA:81,3
DA:91,0
DA:93,3
DA:100,4
DA:101,4
DA:102,4
DA:105,4
DA:110,0
DA:111,0
DA:116,0
DA:117,0
DA:121,0
DA:123,0
DA:127,4
DA:132,13
LF:39
LH:32
BRDA:13,0,0,1
BRDA:13,0,1,1
BRDA:32,1,0,2
BRDA:32,1,1,2
BRDA:41,2,0,1
BRDA:41,2,1,1
BRDA:110,3,0,0
BRDA:110,3,1,0
BRDA:116,4,0,0
BRDA:116,4,1,0
BRF:10
BRH:6
end_of_record
TN:
SF:helpers\jwt.js
FN:3,(anonymous_0)
FN:7,(anonymous_1)
FNF:2
FNH:2
FNDA:7,(anonymous_0)
FNDA:141,(anonymous_1)
DA:1,13
DA:3,13
DA:4,7
DA:7,13
DA:8,141
DA:11,13
LF:6
LH:6
BRF:0
BRH:0
end_of_record
TN:
SF:lib\gemini.api.js
FN:8,generateContent
FNF:1
FNH:0
FNDA:0,generateContent
DA:1,11
DA:2,11
DA:3,11
DA:4,11
DA:9,0
DA:10,0
DA:23,0
DA:24,0
DA:26,0
DA:27,0
DA:28,0
DA:30,0
DA:33,11
LF:13
LH:5
BRDA:27,0,0,0
BRDA:27,0,1,0
BRDA:27,1,0,0
BRDA:27,1,1,0
BRF:4
BRH:0
end_of_record
TN:
SF:middlewares\authentication.js
FN:4,(anonymous_0)
FNF:1
FNH:1
FNDA:168,(anonymous_0)
DA:1,13
DA:2,13
DA:4,13
DA:5,168
DA:7,168
DA:8,168
DA:9,27
DA:13,141
DA:14,141
DA:17,35
DA:18,25
DA:19,1
DA:23,24
DA:30,24
DA:32,144
DA:36,13
LF:16
LH:16
BRDA:8,0,0,27
BRDA:8,0,1,141
BRDA:18,1,0,1
BRDA:18,1,1,24
BRF:4
BRH:4
end_of_record
TN:
SF:middlewares\authorization.js
FN:3,(anonymous_0)
FNF:1
FNH:0
FNDA:0,(anonymous_0)
DA:1,13
DA:3,13
DA:4,0
DA:5,0
DA:8,0
DA:9,0
DA:12,0
DA:14,0
DA:18,13
LF:9
LH:3
BRDA:8,0,0,0
BRDA:8,0,1,0
BRF:2
BRH:0
end_of_record
TN:
SF:models\car.js
FN:5,(anonymous_0)
FN:7,(anonymous_1)
FNF:2
FNH:2
FNDA:13,(anonymous_0)
FNDA:13,(anonymous_1)
DA:4,13
DA:5,13
DA:8,13
DA:9,13
DA:17,13
DA:137,13
LF:6
LH:6
BRF:0
BRH:0
end_of_record
TN:
SF:models\category.js
FN:5,(anonymous_0)
FN:7,(anonymous_1)
FNF:2
FNH:2
FNDA:13,(anonymous_0)
FNDA:13,(anonymous_1)
DA:4,13
DA:5,13
DA:9,13
DA:12,13
DA:28,13
LF:5
LH:5
BRF:0
BRH:0
end_of_record
TN:
SF:models\index.js
FN:21,(anonymous_0)
FN:29,(anonymous_1)
FN:34,(anonymous_2)
FNF:3
FNH:3
FNDA:65,(anonymous_0)
FNDA:52,(anonymous_1)
FNDA:52,(anonymous_2)
DA:3,13
DA:4,13
DA:5,13
DA:6,13
DA:7,13
DA:8,13
DA:9,13
DA:10,13
DA:13,13
DA:14,0
DA:16,13
DA:19,13
DA:22,65
DA:30,52
DA:31,52
DA:34,13
DA:35,52
DA:36,52
DA:40,13
DA:41,13
DA:43,13
LF:21
LH:20
BRDA:8,0,0,13
BRDA:8,0,1,0
BRDA:13,1,0,0
BRDA:13,1,1,13
BRDA:23,2,0,65
BRDA:23,2,1,65
BRDA:23,2,2,52
BRDA:23,2,3,52
BRDA:35,3,0,52
BRDA:35,3,1,0
BRF:10
BRH:7
end_of_record
TN:
SF:models\user.js
FN:7,(anonymous_0)
FN:9,(anonymous_1)
FN:69,(anonymous_2)
FNF:3
FNH:3
FNDA:13,(anonymous_0)
FNDA:13,(anonymous_1)
FNDA:21,(anonymous_2)
DA:4,13
DA:5,13
DA:7,13
DA:10,13
DA:16,13
DA:19,13
DA:70,21
DA:71,21
DA:75,13
LF:9
LH:9
BRF:0
BRH:0
end_of_record
TN:
SF:models\wishlistitem.js
FN:3,(anonymous_0)
FN:5,(anonymous_1)
FNF:2
FNH:2
FNDA:13,(anonymous_0)
FNDA:13,(anonymous_1)
DA:2,13
DA:3,13
DA:7,13
DA:9,13
DA:12,13
DA:28,13
LF:6
LH:6
BRF:0
BRH:0
end_of_record
TN:
SF:routes\aiRoutes.js
FNF:0
FNH:0
DA:1,13
DA:2,13
DA:3,13
DA:4,13
DA:7,13
DA:9,13
DA:11,13
LF:7
LH:7
BRF:0
BRH:0
end_of_record
TN:
SF:routes\carRoutes.js
FNF:0
FNH:0
DA:1,13
DA:2,13
DA:3,13
DA:4,13
DA:5,13
DA:6,13
DA:7,13
DA:12,13
DA:13,13
DA:16,13
DA:17,13
DA:18,13
DA:19,13
DA:20,13
DA:21,13
DA:23,13
LF:16
LH:16
BRF:0
BRH:0
end_of_record
TN:
SF:routes\categoryRoutes.js
FNF:0
FNH:0
DA:1,13
DA:2,13
DA:3,13
DA:4,13
DA:5,13
DA:8,13
DA:9,13
DA:12,13
DA:13,13
DA:14,13
DA:15,13
DA:16,13
DA:18,13
LF:13
LH:13
BRF:0
BRH:0
end_of_record
TN:
SF:routes\index.js
FNF:0
FNH:0
DA:1,13
DA:2,13
DA:4,13
DA:5,13
DA:6,13
DA:7,13
DA:8,13
DA:9,13
DA:11,13
DA:12,13
DA:13,13
DA:14,13
DA:15,13
DA:16,13
DA:18,13
LF:15
LH:15
BRF:0
BRH:0
end_of_record
TN:
SF:routes\paymentRoutes.js
FN:16,(anonymous_0)
FNF:1
FNH:0
FNDA:0,(anonymous_0)
DA:1,13
DA:2,13
DA:3,13
DA:4,13
DA:7,13
DA:10,13
DA:13,13
DA:16,13
DA:17,0
DA:21,13
DA:27,13
LF:11
LH:10
BRF:0
BRH:0
end_of_record
TN:
SF:routes\userRoutes.js
FNF:0
FNH:0
DA:1,13
DA:2,13
DA:3,13
DA:5,13
DA:6,13
DA:7,13
DA:9,13
LF:7
LH:7
BRF:0
BRH:0
end_of_record
TN:
SF:routes\wishlistRoute.js
FN:18,(anonymous_0)
FNF:1
FNH:1
FNDA:1,(anonymous_0)
DA:1,13
DA:2,13
DA:3,13
DA:4,13
DA:6,13
DA:9,13
DA:12,13
DA:15,13
DA:18,13
DA:20,1
DA:24,13
DA:26,13
LF:12
LH:12
BRF:0
BRH:0
end_of_record
